<?xml version="1.0" encoding="UTF-8"?>
<testsuite xmlns:xsi="http://www.w3.org/2001/XMLSchema-instance" xsi:noNamespaceSchemaLocation="https://maven.apache.org/surefire/maven-surefire-plugin/xsd/surefire-test-report-3.0.xsd" version="3.0" name="TestSuite" time="24.839" tests="7" errors="0" skipped="0" failures="0">
  <properties>
[...]
</properties>
  <testcase name="loginError" classname="login" time="1.128">
    <system-err><![CDATA[SLF4J: Failed to load class "org.slf4j.impl.StaticLoggerBinder".
SLF4J: Defaulting to no-operation (NOP) logger implementation
SLF4J: See http://www.slf4j.org/codes.html#StaticLoggerBinder for further details.
Sorting error: Expected 'Sauce Labs Onesie' but the first item remained 'Sauce Labs Backpack'.
]]></system-err>
  </testcase>
  <testcase name="loginLocked" classname="login" time="1.129"/>
  <testcase name="loginPerformance" classname="login" time="5.105">
    <system-err><![CDATA[Performance Issue: Performance glitch delay.
]]></system-err>
  </testcase>
  <testcase name="loginProblem" classname="login" time="1.164"/>
  <testcase name="loginTest" classname="login" time="1.107">
    <system-out><![CDATA[10.0
]]></system-out>
  </testcase>
  <testcase name="loginVisual" classname="login" time="1.107">
    <system-out><![CDATA[38.980690002441406
]]></system-out>
  </testcase>
  <testcase name="checkoutFlow" classname="shoppingCart" time="2.338">
    <system-out><![CDATA[10.0
10.0
]]></system-out>
  </testcase>
</testsuite>