<?xml version="1.0" encoding="UTF-8"?>
<!-- Generated by org.testng.reporters.JUnitReportReporter -->
<testsuite hostname="DESKTOP-GOUURBV" failures="0" tests="6" name="login" time="21.081" errors="0" timestamp="2026-04-18T01:29:48 WIB" skipped="0">
  <testcase classname="login" name="loginTest" time="2.171"/>
  <testcase classname="login" name="loginVisual" time="2.143"/>
  <testcase classname="login" name="loginProblem" time="6.271"/>
  <testcase classname="login" name="loginError" time="2.134"/>
  <testcase classname="login" name="loginLocked" time="2.204"/>
  <testcase classname="login" name="loginPerformance" time="6.158"/>
</testsuite> <!-- login -->
