<?xml version="1.0" encoding="UTF-8"?>
<!-- Generated by org.testng.reporters.JUnitXMLReporter -->
<testsuite ignored="1" hostname="DESKTOP-GOUURBV" failures="0" tests="3" name="AmarthaTest" time="10.286" errors="0" timestamp="2025-06-19T17:04:29 WIB">
  <testcase classname="addToCart" name="testOne" time="1.186"/>
  <testcase classname="addToCart" name="testTwo" time="1.188"/>
  <testcase classname="aboutMenu" name="testThree" time="2.045"/>
  <testcase classname="hook.Setup" name="@AfterSuite flushReport" time="0.0">
    <ignored/>
  </testcase> <!-- @AfterSuite flushReport -->
</testsuite> <!-- AmarthaTest -->
